{
  "RSpec": {
    "coverage": {
      "/Users/sunnymoore/turing/3mod/projects/bandaid-2205-fe/config/environment.rb": {
        "lines": [
          null,
          1,
          null,
          null,
          1
        ]
      },
      "/Users/sunnymoore/turing/3mod/projects/bandaid-2205-fe/config/application.rb": {
        "lines": [
          1,
          null,
          1,
          null,
          1,
          1,
          1,
          1,
          1,
          1,
          1,
          1,
          1,
          null,
          null,
          null,
          null,
          1,
          null,
          1,
          1,
          null,
          1,
          null,
          null,
          null,
          null,
          null,
          null,
          null,
          1,
          null,
          null
        ]
      },
      "/Users/sunnymoore/turing/3mod/projects/bandaid-2205-fe/config/boot.rb": {
        "lines": [
          1,
          null,
          1,
          1
        ]
      },
      "/Users/sunnymoore/turing/3mod/projects/bandaid-2205-fe/config/environments/test.rb": {
        "lines": [
          1,
          null,
          null,
          null,
          null,
          null,
          null,
          1,
          null,
          null,
          null,
          null,
          1,
          null,
          null,
          1,
          1,
          null,
          null,
          null,
          null,
          1,
          1,
          null,
          null,
          1,
          null,
          null,
          1,
          null,
          null,
          1,
          null,
          1,
          null,
          null,
          null,
          null,
          1,
          null,
          null,
          1,
          null,
          null,
          null,
          null
        ]
      },
      "/Users/sunnymoore/turing/3mod/projects/bandaid-2205-fe/config/initializers/application_controller_renderer.rb": {
        "lines": [
          null,
          null,
          null,
          null,
          null,
          null,
          null,
          null
        ]
      },
      "/Users/sunnymoore/turing/3mod/projects/bandaid-2205-fe/config/initializers/assets.rb": {
        "lines": [
          null,
          null,
          null,
          1,
          null,
          null,
          null,
          null,
          1,
          null,
          null,
          null,
          null,
          null
        ]
      },
      "/Users/sunnymoore/turing/3mod/projects/bandaid-2205-fe/config/initializers/backtrace_silencers.rb": {
        "lines": [
          null,
          null,
          null,
          null,
          null,
          null,
          null
        ]
      },
      "/Users/sunnymoore/turing/3mod/projects/bandaid-2205-fe/config/initializers/content_security_policy.rb": {
        "lines": [
          null,
          null,
          null,
          null,
          null,
          null,
          null,
          null,
          null,
          null,
          null,
          null,
          null,
          null,
          null,
          null,
          null,
          null,
          null,
          null,
          null,
          null,
          null,
          null,
          null
        ]
      },
      "/Users/sunnymoore/turing/3mod/projects/bandaid-2205-fe/config/initializers/cookies_serializer.rb": {
        "lines": [
          null,
          null,
          null,
          null,
          1
        ]
      },
      "/Users/sunnymoore/turing/3mod/projects/bandaid-2205-fe/config/initializers/filter_parameter_logging.rb": {
        "lines": [
          null,
          null,
          null,
          1
        ]
      },
      "/Users/sunnymoore/turing/3mod/projects/bandaid-2205-fe/config/initializers/inflections.rb": {
        "lines": [
          null,
          null,
          null,
          null,
          null,
          null,
          null,
          null,
          null,
          null,
          null,
          null,
          null,
          null,
          null,
          null
        ]
      },
      "/Users/sunnymoore/turing/3mod/projects/bandaid-2205-fe/config/initializers/mime_types.rb": {
        "lines": [
          null,
          null,
          null,
          null
        ]
      },
      "/Users/sunnymoore/turing/3mod/projects/bandaid-2205-fe/config/initializers/omniauth.rb": {
        "lines": [
          1,
          1,
          null,
          1,
          1
        ]
      },
      "/Users/sunnymoore/turing/3mod/projects/bandaid-2205-fe/config/initializers/wrap_parameters.rb": {
        "lines": [
          null,
          null,
          null,
          null,
          null,
          null,
          1,
          2,
          null,
          null,
          null,
          null,
          null,
          null
        ]
      },
      "/Users/sunnymoore/turing/3mod/projects/bandaid-2205-fe/config/routes.rb": {
        "lines": [
          1,
          1,
          1,
          null,
          null,
          1,
          1,
          null,
          null,
          1,
          1,
          1,
          1,
          null,
          1,
          1,
          1,
          1,
          null,
          1,
          1,
          1,
          null,
          1,
          null
        ]
      },
      "/Users/sunnymoore/turing/3mod/projects/bandaid-2205-fe/app/helpers/application_helper.rb": {
        "lines": [
          1,
          null
        ]
      },
      "/Users/sunnymoore/turing/3mod/projects/bandaid-2205-fe/app/helpers/welcome_helper.rb": {
        "lines": [
          1,
          null
        ]
      },
      "/Users/sunnymoore/turing/3mod/projects/bandaid-2205-fe/spec/features/artists/new_spec.rb": {
        "lines": [
          1,
          null,
          1,
          1,
          3,
          3,
          null,
          null,
          null,
          null,
          null,
          null,
          null,
          null,
          null,
          null,
          3,
          null,
          1,
          1,
          null,
          1,
          1,
          1,
          1,
          null,
          1,
          null,
          1,
          null,
          1,
          1,
          1,
          null,
          null,
          1,
          1,
          1,
          1,
          null,
          null,
          1,
          1,
          null,
          1,
          1,
          1,
          1,
          1,
          1,
          null,
          0,
          0,
          0,
          null,
          null
        ]
      },
      "/Users/sunnymoore/turing/3mod/projects/bandaid-2205-fe/spec/features/users/navbar_spec.rb": {
        "lines": [
          1,
          null,
          1,
          1,
          1,
          null,
          1,
          1,
          1,
          null,
          null
        ]
      },
      "/Users/sunnymoore/turing/3mod/projects/bandaid-2205-fe/spec/features/users/oauth_login_spec.rb": {
        "lines": [
          1,
          null,
          1,
          1,
          1,
          1,
          null,
          1,
          1,
          null,
          null,
          null,
          null,
          null,
          null,
          null,
          null,
          null,
          null,
          1,
          null,
          1,
          1,
          1,
          null,
          null,
          null
        ]
      },
      "/Users/sunnymoore/turing/3mod/projects/bandaid-2205-fe/spec/features/users/show_spec.rb": {
        "lines": [
          1,
          null,
          1,
          1,
          2,
          2,
          null,
          null,
          null,
          null,
          null,
          null,
          null,
          null,
          null,
          null,
          2,
          null,
          1,
          1,
          1,
          null,
          1,
          1,
          1,
          null,
          null
        ]
      },
      "/Users/sunnymoore/turing/3mod/projects/bandaid-2205-fe/spec/features/venues/show_spec.rb": {
        "lines": [
          1,
          null,
          1,
          1,
          1,
          1,
          null,
          1,
          null,
          0,
          null,
          null,
          null
        ]
      },
      "/Users/sunnymoore/turing/3mod/projects/bandaid-2205-fe/spec/models/user_spec.rb": {
        "lines": [
          1,
          null,
          1,
          1,
          2,
          2,
          null,
          null
        ]
      },
      "/Users/sunnymoore/turing/3mod/projects/bandaid-2205-fe/app/models/user.rb": {
        "lines": [
          1,
          1,
          1,
          null,
          null,
          1,
          null
        ]
      },
      "/Users/sunnymoore/turing/3mod/projects/bandaid-2205-fe/app/models/application_record.rb": {
        "lines": [
          1,
          1,
          null
        ]
      },
      "/Users/sunnymoore/turing/3mod/projects/bandaid-2205-fe/spec/poros/artist_spec.rb": {
        "lines": [
          1,
          null,
          1,
          1,
          1,
          null,
          1,
          1,
          1,
          1,
          1,
          null,
          null
        ]
      },
      "/Users/sunnymoore/turing/3mod/projects/bandaid-2205-fe/app/poros/artist.rb": {
        "lines": [
          1,
          1,
          null,
          1,
          8,
          8,
          8,
          8,
          8,
          8,
          8,
          8,
          null,
          null
        ]
      },
      "/Users/sunnymoore/turing/3mod/projects/bandaid-2205-fe/spec/poros/venue_spec.rb": {
        "lines": [
          1,
          null,
          1,
          1,
          1,
          null,
          null,
          null,
          null,
          null,
          null,
          null,
          null,
          1,
          0,
          0,
          0,
          0,
          null,
          null,
          null
        ]
      },
      "/Users/sunnymoore/turing/3mod/projects/bandaid-2205-fe/app/poros/venue.rb": {
        "lines": [
          1,
          1,
          1,
          1,
          1,
          1,
          1,
          1,
          1,
          null,
          null
        ]
      },
      "/Users/sunnymoore/turing/3mod/projects/bandaid-2205-fe/spec/services/artist_service_spec.rb": {
        "lines": [
          1,
          null,
          1,
          1,
          null,
          null,
          1,
          null,
          1,
          1,
          null,
          1,
          null,
          1,
          1,
          null,
          1,
          null,
          null,
          1,
          null,
          1,
          1,
          null,
          1,
          null,
          1,
          1,
          null,
          1,
          1,
          1,
          1,
          null,
          1,
          1,
          1,
          1,
          1,
          1,
          1,
          null,
          null
        ]
      },
      "/Users/sunnymoore/turing/3mod/projects/bandaid-2205-fe/spec/services/venue_service_spec.rb": {
        "lines": [
          1,
          null,
          1,
          1,
          null,
          1,
          null,
          null,
          null,
          null,
          null,
          null,
          null,
          null,
          1,
          null,
          null,
          null
        ]
      },
      "/Users/sunnymoore/turing/3mod/projects/bandaid-2205-fe/app/facades/artist_facade.rb": {
        "lines": [
          1,
          null,
          1,
          2,
          2,
          null,
          null,
          1,
          2,
          null,
          2,
          null,
          null
        ]
      },
      "/Users/sunnymoore/turing/3mod/projects/bandaid-2205-fe/app/services/artist_service.rb": {
        "lines": [
          1,
          null,
          1,
          3,
          3,
          null,
          null,
          1,
          3,
          3,
          null,
          null,
          1,
          2,
          null,
          null,
          null,
          null,
          null,
          null,
          null,
          2,
          null,
          null,
          1,
          8,
          null,
          null,
          1,
          null,
          1,
          8,
          null,
          null
        ]
      },
      "/Users/sunnymoore/turing/3mod/projects/bandaid-2205-fe/app/controllers/users_controller.rb": {
        "lines": [
          1,
          null,
          1,
          6,
          null,
          null,
          1,
          6,
          6,
          6,
          6,
          6,
          null,
          null,
          1,
          0,
          0,
          0,
          null,
          null,
          null,
          1,
          1,
          0,
          null,
          null
        ]
      },
      "/Users/sunnymoore/turing/3mod/projects/bandaid-2205-fe/app/controllers/application_controller.rb": {
        "lines": [
          1,
          1,
          null,
          1,
          24,
          null,
          null
        ]
      },
      "/Users/sunnymoore/turing/3mod/projects/bandaid-2205-fe/app/controllers/artists_controller.rb": {
        "lines": [
          1,
          1,
          null,
          1,
          null,
          1,
          null,
          null,
          1,
          4,
          4,
          null,
          null,
          1,
          1,
          0,
          0,
          null,
          1,
          1,
          null,
          null,
          null,
          1,
          1,
          1,
          1,
          null,
          1,
          null,
          0,
          null,
          null,
          null,
          1,
          null,
          1,
          1,
          null,
          null
        ]
      },
      "/Users/sunnymoore/turing/3mod/projects/bandaid-2205-fe/app/controllers/welcome_controller.rb": {
        "lines": [
          1,
          1,
          null,
          null
        ]
      },
      "/Users/sunnymoore/turing/3mod/projects/bandaid-2205-fe/app/controllers/user_role_controller.rb": {
        "lines": [
          1,
          1,
          2,
          2,
          2,
          1,
          1,
          1,
          null,
          null,
          null,
          1,
          1,
          2,
          null,
          null
        ]
      },
      "/Users/sunnymoore/turing/3mod/projects/bandaid-2205-fe/app/controllers/venues_controller.rb": {
        "lines": [
          1,
          1,
          null,
          1,
          1,
          1,
          null,
          null,
          1,
          1,
          null,
          null,
          1,
          0,
          null,
          null,
          1,
          1,
          0,
          null,
          null
        ]
      },
      "/Users/sunnymoore/turing/3mod/projects/bandaid-2205-fe/app/facades/venue_facade.rb": {
        "lines": [
          1,
          null,
          1,
          0,
          0,
          null,
          null
        ]
      },
      "/Users/sunnymoore/turing/3mod/projects/bandaid-2205-fe/app/services/venue_service.rb": {
        "lines": [
          1,
          null,
          1,
          0,
          0,
          null,
          null,
          1,
          1,
          null,
          null,
          null,
          null,
          null,
          null,
          null,
          null,
          1,
          null,
          null,
          1,
          1,
          null,
          null,
          1,
          1,
          1,
          null,
          null
        ]
      }
    },
    "timestamp": 1663885035
  }
}
